xindawn/build/outputs/logs/manifest-merger-debug-report.txt
-- Merging decision tree log ---
manifest
ADDED from src/main/AndroidManifest.xml:2:1-94:12
INJECTED from src/main/AndroidManifest.xml:2:1-94:12
INJECTED from src/main/AndroidManifest.xml:2:1-94:12
INJECTED from src/main/AndroidManifest.xml:2:1-94:12
MERGED from [com.android.support:support-v4:22.2.1] AndroidManifest.xml:17:1-24:12
INJECTED from src/main/AndroidManifest.xml:2:1-94:12
INJECTED from src/main/AndroidManifest.xml:2:1-94:12
INJECTED from src/main/AndroidManifest.xml:2:1-94:12
	package
		ADDED from src/main/AndroidManifest.xml:3:5-26
		INJECTED from src/main/AndroidManifest.xml
		INJECTED from src/main/AndroidManifest.xml
	android:versionName
		ADDED from src/main/AndroidManifest.xml:5:5-30
		INJECTED from src/main/AndroidManifest.xml
		INJECTED from src/main/AndroidManifest.xml
	xmlns:android
		ADDED from src/main/AndroidManifest.xml:2:11-69
	android:versionCode
		ADDED from src/main/AndroidManifest.xml:4:5-28
		INJECTED from src/main/AndroidManifest.xml
		INJECTED from src/main/AndroidManifest.xml
uses-sdk
ADDED from src/main/AndroidManifest.xml:7:5-9:41
INJECTED from src/main/AndroidManifest.xml:7:5-9:41
INJECTED from src/main/AndroidManifest.xml:7:5-9:41
MERGED from [com.android.support:support-v4:22.2.1] AndroidManifest.xml:20:5-43
MERGED from [com.android.support:support-v4:22.2.1] AndroidManifest.xml:20:5-43
INJECTED from src/main/AndroidManifest.xml:7:5-9:41
INJECTED from src/main/AndroidManifest.xml:7:5-9:41
	android:targetSdkVersion
		ADDED from src/main/AndroidManifest.xml:9:9-38
		INJECTED from src/main/AndroidManifest.xml
		INJECTED from src/main/AndroidManifest.xml
	android:minSdkVersion
		ADDED from src/main/AndroidManifest.xml:8:9-35
		INJECTED from src/main/AndroidManifest.xml
		INJECTED from src/main/AndroidManifest.xml
uses-permission#android.permission.WRITE_EXTERNAL_STORAGE
ADDED from src/main/AndroidManifest.xml:11:5-80
	android:name
		ADDED from src/main/AndroidManifest.xml:11:22-78
uses-permission#android.permission.INTERNET
ADDED from src/main/AndroidManifest.xml:12:2-63
	android:name
		ADDED from src/main/AndroidManifest.xml:12:19-61
uses-permission#android.permission.ACCESS_NETWORK_STATE
ADDED from src/main/AndroidManifest.xml:13:2-75
	android:name
		ADDED from src/main/AndroidManifest.xml:13:19-73
uses-permission#android.permission.ACCESS_WIFI_STATE
ADDED from src/main/AndroidManifest.xml:14:2-73
	android:name
		ADDED from src/main/AndroidManifest.xml:14:19-70
uses-permission#android.permission.CHANGE_WIFI_MULTICAST_STATE
ADDED from src/main/AndroidManifest.xml:15:2-82
	android:name
		ADDED from src/main/AndroidManifest.xml:15:19-80
uses-permission#android.permission.CHANGE_WIFI_STATE
ADDED from src/main/AndroidManifest.xml:16:2-72
	android:name
		ADDED from src/main/AndroidManifest.xml:16:19-70
uses-permission#android.permission.CHANGE_NETWORK_STATE
ADDED from src/main/AndroidManifest.xml:17:2-75
	android:name
		ADDED from src/main/AndroidManifest.xml:17:19-73
uses-permission#android.permission.RECORD_AUDIO
ADDED from src/main/AndroidManifest.xml:18:2-67
	android:name
		ADDED from src/main/AndroidManifest.xml:18:19-65
uses-permission#android.permission.MODIFY_AUDIO_SETTINGS
ADDED from src/main/AndroidManifest.xml:19:2-76
	android:name
		ADDED from src/main/AndroidManifest.xml:19:19-74
uses-permission#android.permission.READ_PHONE_STATE
ADDED from src/main/AndroidManifest.xml:20:5-75
	android:name
		ADDED from src/main/AndroidManifest.xml:20:22-72
uses-permission#android.permission.ACCESS_FINE_LOCATION
ADDED from src/main/AndroidManifest.xml:21:5-79
	android:name
		ADDED from src/main/AndroidManifest.xml:21:22-76
uses-permission#android.permission.GET_TASKS
ADDED from src/main/AndroidManifest.xml:22:5-68
	android:name
		ADDED from src/main/AndroidManifest.xml:22:22-65
application
ADDED from src/main/AndroidManifest.xml:24:5-92:19
MERGED from [com.android.support:support-v4:22.2.1] AndroidManifest.xml:22:5-20
MERGED from [com.android.support:support-v4:22.2.1] AndroidManifest.xml:22:5-20
	android:label
		ADDED from src/main/AndroidManifest.xml:27:9-41
	android:debuggable
		ADDED from src/main/AndroidManifest.xml:29:9-35
	android:persistent
		ADDED from src/main/AndroidManifest.xml:28:9-34
	android:icon
		ADDED from src/main/AndroidManifest.xml:26:9-38
	android:allowBackup
		ADDED from src/main/AndroidManifest.xml:25:9-35
	android:name
		ADDED from src/main/AndroidManifest.xml:30:9-53
meta-data#TD_APP_ID
ADDED from src/main/AndroidManifest.xml:33:9-96
	android:value
		ADDED from src/main/AndroidManifest.xml:33:45-93
	android:name
		ADDED from src/main/AndroidManifest.xml:33:20-44
meta-data#TD_CHANNEL_ID
ADDED from src/main/AndroidManifest.xml:34:9-74
	android:value
		ADDED from src/main/AndroidManifest.xml:34:49-71
	android:name
		ADDED from src/main/AndroidManifest.xml:34:20-48
service#com.xindawn.service.MediaRenderService
ADDED from src/main/AndroidManifest.xml:36:9-41:13
	android:enabled
		ADDED from src/main/AndroidManifest.xml:36:72-94
	android:name
		ADDED from src/main/AndroidManifest.xml:36:18-71
intent-filter#com.xindawn.restart.engine+com.xindawn.start.engine
ADDED from src/main/AndroidManifest.xml:37:13-40:29
action#com.xindawn.start.engine
ADDED from src/main/AndroidManifest.xml:38:17-67
	android:name
		ADDED from src/main/AndroidManifest.xml:38:25-64
action#com.xindawn.restart.engine
ADDED from src/main/AndroidManifest.xml:39:17-69
	android:name
		ADDED from src/main/AndroidManifest.xml:39:25-66
activity#com.xindawn.MainActivity
ADDED from src/main/AndroidManifest.xml:44:9-53:20
	android:screenOrientation
		ADDED from src/main/AndroidManifest.xml:48:13-50
	android:label
		ADDED from src/main/AndroidManifest.xml:46:13-45
	android:theme
		ADDED from src/main/AndroidManifest.xml:47:13-71
	android:name
		ADDED from src/main/AndroidManifest.xml:45:13-52
intent-filter#android.intent.action.MAIN+android.intent.category.LAUNCHER
ADDED from src/main/AndroidManifest.xml:49:13-52:29
action#android.intent.action.MAIN
ADDED from src/main/AndroidManifest.xml:50:17-69
	android:name
		ADDED from src/main/AndroidManifest.xml:50:25-66
category#android.intent.category.LAUNCHER
ADDED from src/main/AndroidManifest.xml:51:17-77
	android:name
		ADDED from src/main/AndroidManifest.xml:51:27-74
activity#com.xindawn.video.VideoActivity
ADDED from src/main/AndroidManifest.xml:56:9-61:20
	android:screenOrientation
		ADDED from src/main/AndroidManifest.xml:59:13-50
	android:launchMode
		ADDED from src/main/AndroidManifest.xml:60:13-44
	android:theme
		ADDED from src/main/AndroidManifest.xml:58:13-71
	android:name
		ADDED from src/main/AndroidManifest.xml:57:13-59
activity#com.xindawn.music.MusicActivity
ADDED from src/main/AndroidManifest.xml:63:9-74:20
	android:screenOrientation
		ADDED from src/main/AndroidManifest.xml:66:13-50
	android:launchMode
		ADDED from src/main/AndroidManifest.xml:67:13-44
	android:theme
		ADDED from src/main/AndroidManifest.xml:65:13-71
	android:name
		ADDED from src/main/AndroidManifest.xml:64:13-59
activity#com.xindawn.image.ImageActivity
ADDED from src/main/AndroidManifest.xml:76:9-81:20
	android:screenOrientation
		ADDED from src/main/AndroidManifest.xml:80:13-50
	android:label
		ADDED from src/main/AndroidManifest.xml:78:13-45
	android:theme
		ADDED from src/main/AndroidManifest.xml:79:13-71
	android:name
		ADDED from src/main/AndroidManifest.xml:77:13-59
activity#com.xindawn.airgl.AirPlayerGLActivity
ADDED from src/main/AndroidManifest.xml:83:9-89:20
	android:screenOrientation
		ADDED from src/main/AndroidManifest.xml:85:13-50
	android:launchMode
		ADDED from src/main/AndroidManifest.xml:88:13-44
	android:configChanges
		ADDED from src/main/AndroidManifest.xml:86:13-74
	android:theme
		ADDED from src/main/AndroidManifest.xml:87:13-71
	android:name
		ADDED from src/main/AndroidManifest.xml:84:13-65